<?xml version="1.0" encoding="UTF-8"?>
<!-- Generated by org.testng.reporters.JUnitReportReporter -->
<testsuite hostname="Anas" failures="0" tests="3" name="Parameters.Assigment2" time="15.587" errors="0" timestamp="2023-12-04T19:44:46 EET" skipped="0">
  <testcase classname="Parameters.Assigment2" name="Contact" time="8.386"/>
  <system-out/>
  <testcase classname="Parameters.Assigment2" name="LogoutTest" time="4.040"/>
  <system-out/>
  <testcase classname="Parameters.Assigment2" name="LoginTest" time="3.161"/>
  <system-out/>
</testsuite> <!-- Parameters.Assigment2 -->
