<?xml version="1.0" encoding="UTF-8"?>
<!-- Generated by org.testng.reporters.JUnitReportReporter -->
<testsuite hostname="Anas" failures="0" tests="3" name="Parameters.Assigment2" time="12.357" errors="0" timestamp="2023-12-04T17:38:58 EET" skipped="0">
  <testcase classname="Parameters.Assigment2" name="Contact" time="6.637"/>
  <system-out/>
  <testcase classname="Parameters.Assigment2" name="LogoutTest" time="2.583"/>
  <system-out/>
  <testcase classname="Parameters.Assigment2" name="LoginTest" time="3.137"/>
  <system-out/>
</testsuite> <!-- Parameters.Assigment2 -->
