<?xml version="1.0" encoding="UTF-8"?>
<!-- Generated by org.testng.reporters.JUnitReportReporter -->
<testsuite hostname="Anas" failures="0" tests="3" name="Parameters.Assigment2" time="11.693" errors="0" timestamp="2023-12-04T17:58:32 EET" skipped="0">
  <testcase classname="Parameters.Assigment2" name="Contact" time="6.093"/>
  <system-out/>
  <testcase classname="Parameters.Assigment2" name="LogoutTest" time="2.486"/>
  <system-out/>
  <testcase classname="Parameters.Assigment2" name="LoginTest" time="3.114"/>
  <system-out/>
</testsuite> <!-- Parameters.Assigment2 -->
